<?xml version="1.0" encoding="UTF-8"?>
<!-- Generated by org.testng.reporters.JUnitReportReporter -->
<testsuite hostname="SHASHWATA-WIN-10" failures="2" tests="6" name="testRunner.runnerTest" time="179.999" errors="0" timestamp="2023-05-24T08:05:21 IST" skipped="0">
  <testcase classname="testRunner.runnerTest" name="runScenario" time="14.547"/>
  <system-out/>
  <testcase classname="testRunner.runnerTest" name="runScenario" time="16.895"/>
  <system-out/>
  <testcase classname="testRunner.runnerTest" name="runScenario" time="50.263">
    <failure message="null" type="java.lang.AssertionError">
      <![CDATA[java.lang.AssertionError: null
at org.testng.Assert.fail(Assert.java:110)
at org.testng.Assert.fail(Assert.java:115)
at utilities.Hooks.afterScenario(Hooks.java:38)
]]>
    </failure>
  </testcase> <!-- runScenario -->
  <system-out/>
  <testcase classname="testRunner.runnerTest" name="runScenario" time="34.461">
    <failure message="null" type="java.lang.AssertionError">
      <![CDATA[java.lang.AssertionError: null
at org.testng.Assert.fail(Assert.java:110)
at org.testng.Assert.fail(Assert.java:115)
at utilities.Hooks.afterScenario(Hooks.java:38)
]]>
    </failure>
  </testcase> <!-- runScenario -->
  <system-out/>
  <testcase classname="testRunner.runnerTest" name="runScenario" time="29.447"/>
  <system-out/>
  <testcase classname="testRunner.runnerTest" name="runScenario" time="34.386"/>
  <system-out/>
</testsuite> <!-- testRunner.runnerTest -->
