<?xml version="1.0" encoding="UTF-8"?>
<!-- Generated by org.testng.reporters.JUnitReportReporter -->
<testsuite hostname="SHASHWATA-WIN-10" failures="0" tests="6" name="testRunner.runnerTest" time="5.260" errors="6" timestamp="2023-05-23T07:05:34 IST" skipped="0">
  <testcase classname="testRunner.runnerTest" name="runScenario" time="0.018">
    <error message="Cannot invoke &quot;org.openqa.selenium.TakesScreenshot.getScreenshotAs(org.openqa.selenium.OutputType)&quot; because &quot;screenshot&quot; is null" type="java.lang.NullPointerException">
      <![CDATA[java.lang.NullPointerException: Cannot invoke "org.openqa.selenium.TakesScreenshot.getScreenshotAs(org.openqa.selenium.OutputType)" because "screenshot" is null
at stepDefinitions.Commons.getSS(Commons.java:42)
at stepDefinitions.MMTSignIn.verifyAccount(MMTSignIn.java:60)
at ✽.User is logged into his account(file:///C:/Users/Shashwat%20Aryan/eclipse-workspace/MMT/src/test/resources/SignIn.feature:8)
]]>
    </error>
  </testcase> <!-- runScenario -->
  <system-out/>
  <testcase classname="testRunner.runnerTest" name="runScenario" time="0.013">
    <error message="Cannot invoke &quot;org.openqa.selenium.TakesScreenshot.getScreenshotAs(org.openqa.selenium.OutputType)&quot; because &quot;screenshot&quot; is null" type="java.lang.NullPointerException">
      <![CDATA[java.lang.NullPointerException: Cannot invoke "org.openqa.selenium.TakesScreenshot.getScreenshotAs(org.openqa.selenium.OutputType)" because "screenshot" is null
at stepDefinitions.Commons.getSS(Commons.java:42)
at stepDefinitions.MMTSignIn.verifyAccount(MMTSignIn.java:60)
at ✽.User is logged into his account(file:///C:/Users/Shashwat%20Aryan/eclipse-workspace/MMT/src/test/resources/SignIn.feature:8)
]]>
    </error>
  </testcase> <!-- runScenario -->
  <system-out/>
  <testcase classname="testRunner.runnerTest" name="runScenario" time="5.023">
    <error message="Cannot invoke &quot;org.openqa.selenium.TakesScreenshot.getScreenshotAs(org.openqa.selenium.OutputType)&quot; because &quot;screenshot&quot; is null" type="java.lang.NullPointerException">
      <![CDATA[java.lang.NullPointerException: Cannot invoke "org.openqa.selenium.TakesScreenshot.getScreenshotAs(org.openqa.selenium.OutputType)" because "screenshot" is null
at stepDefinitions.Commons.getSS(Commons.java:42)
at stepDefinitions.SocialSites.verifySocialMediaSites(SocialSites.java:104)
at ✽.All the social media sites should open correctly(file:///C:/Users/Shashwat%20Aryan/eclipse-workspace/MMT/src/test/resources/SocialSites.feature:8)
]]>
    </error>
  </testcase> <!-- runScenario -->
  <system-out/>
  <testcase classname="testRunner.runnerTest" name="runScenario" time="0.010">
    <error message="Cannot invoke &quot;org.openqa.selenium.TakesScreenshot.getScreenshotAs(org.openqa.selenium.OutputType)&quot; because &quot;screenshot&quot; is null" type="java.lang.NullPointerException">
      <![CDATA[java.lang.NullPointerException: Cannot invoke "org.openqa.selenium.TakesScreenshot.getScreenshotAs(org.openqa.selenium.OutputType)" because "screenshot" is null
at stepDefinitions.Commons.getSS(Commons.java:42)
at stepDefinitions.Commons.hotelSearch(Commons.java:94)
at ✽.Search for hotel "Goa"(file:///C:/Users/Shashwat%20Aryan/eclipse-workspace/MMT/src/test/resources/Payment.feature:5)
]]>
    </error>
  </testcase> <!-- runScenario -->
  <system-out/>
  <testcase classname="testRunner.runnerTest" name="runScenario" time="0.074">
    <error message="Cannot invoke &quot;org.openqa.selenium.TakesScreenshot.getScreenshotAs(org.openqa.selenium.OutputType)&quot; because &quot;screenshot&quot; is null" type="java.lang.NullPointerException">
      <![CDATA[java.lang.NullPointerException: Cannot invoke "org.openqa.selenium.TakesScreenshot.getScreenshotAs(org.openqa.selenium.OutputType)" because "screenshot" is null
at stepDefinitions.Commons.getSS(Commons.java:42)
at stepDefinitions.ListUserHotel.verifyRegistration(ListUserHotel.java:78)
at ✽.A link to the registered email id is sent(file:///C:/Users/Shashwat%20Aryan/eclipse-workspace/MMT/src/test/resources/Register.feature:9)
]]>
    </error>
  </testcase> <!-- runScenario -->
  <system-out/>
  <testcase classname="testRunner.runnerTest" name="runScenario" time="0.122">
    <error message="Cannot invoke &quot;org.openqa.selenium.TakesScreenshot.getScreenshotAs(org.openqa.selenium.OutputType)&quot; because &quot;screenshot&quot; is null" type="java.lang.NullPointerException">
      <![CDATA[java.lang.NullPointerException: Cannot invoke "org.openqa.selenium.TakesScreenshot.getScreenshotAs(org.openqa.selenium.OutputType)" because "screenshot" is null
at stepDefinitions.Commons.getSS(Commons.java:42)
at stepDefinitions.Commons.hotelSearch(Commons.java:94)
at ✽.Search for hotel "Goa"(file:///C:/Users/Shashwat%20Aryan/eclipse-workspace/MMT/src/test/resources/Payment.feature:5)
]]>
    </error>
  </testcase> <!-- runScenario -->
  <system-out/>
</testsuite> <!-- testRunner.runnerTest -->
